<?xml version="1.0" encoding="UTF-8"?>
<testsuite xmlns:xsi="http://www.w3.org/2001/XMLSchema-instance" xsi:noNamespaceSchemaLocation="https://maven.apache.org/surefire/maven-surefire-plugin/xsd/surefire-test-report.xsd" name="ThreeCardLogicTest" time="0.046" tests="20" errors="0" skipped="0" failures="0">
  <properties>
[...]
</properties>
  <testcase name="testCompareHandsFlushTie" classname="ThreeCardLogicTest" time="0.022"/>
  <testcase name="testEvalPPWinningsNoWinnings" classname="ThreeCardLogicTest" time="0"/>
  <testcase name="testDealerQualifiesHighAce" classname="ThreeCardLogicTest" time="0.001"/>
  <testcase name="testDealerQualifiesBoundary" classname="ThreeCardLogicTest" time="0.001"/>
  <testcase name="testEvalPPWinningsStraightFlush" classname="ThreeCardLogicTest" time="0"/>
  <testcase name="testDealerQualifiesLow" classname="ThreeCardLogicTest" time="0.001"/>
  <testcase name="testEvalPPWinnings" classname="ThreeCardLogicTest" time="0.001"/>
  <testcase name="testEvalHandThreeOfKind" classname="ThreeCardLogicTest" time="0.001"/>
  <testcase name="testCompareHandsSameThreeOfKind" classname="ThreeCardLogicTest" time="0"/>
  <testcase name="testCompareHandsSamePairDifferentKicker" classname="ThreeCardLogicTest" time="0"/>
  <testcase name="testEvalHandPair" classname="ThreeCardLogicTest" time="0"/>
  <testcase name="testEvalHandFlush" classname="ThreeCardLogicTest" time="0.001"/>
  <testcase name="testEvalHandStraightFlush" classname="ThreeCardLogicTest" time="0"/>
  <testcase name="testCompareHands" classname="ThreeCardLogicTest" time="0.001"/>
  <testcase name="testEvalHandStraight" classname="ThreeCardLogicTest" time="0"/>
  <testcase name="testCompareHandsSameStraight" classname="ThreeCardLogicTest" time="0.001"/>
  <testcase name="testCompareHandsTieSameHighCard" classname="ThreeCardLogicTest" time="0"/>
  <testcase name="testEvalHandHighCard" classname="ThreeCardLogicTest" time="0"/>
  <testcase name="testCompareHandsDealerWins" classname="ThreeCardLogicTest" time="0"/>
  <testcase name="testDealerQualifies" classname="ThreeCardLogicTest" time="0"/>
</testsuite>